<?xml version="1.0" encoding="UTF-8"?>
<!-- Generated by org.testng.reporters.JUnitXMLReporter -->
<testsuite ignored="0" hostname="LAPTOP-IQ06DEC2" failures="2" tests="22" name="Test" time="0.238" errors="0" timestamp="2023-06-20T12:31:00 IST">
  <testcase classname="com.testng.Demo" name="logIn" time="0.051">
    <skipped/>
  </testcase> <!-- logIn -->
  <testcase classname="com.testng.Demo" name="logIn" time="0.001">
    <skipped/>
  </testcase> <!-- logIn -->
  <testcase classname="com.testng.Demo" name="logIn" time="0.003">
    <skipped/>
  </testcase> <!-- logIn -->
  <testcase classname="com.testng.Demo" name="logIn" time="0.002">
    <skipped/>
  </testcase> <!-- logIn -->
  <testcase classname="com.testng.Demo" name="logIn" time="0.002">
    <skipped/>
  </testcase> <!-- logIn -->
  <testcase classname="com.testng.Demo" name="logIn" time="0.002">
    <skipped/>
  </testcase> <!-- logIn -->
  <testcase classname="com.testng.Demo" name="logIn" time="0.001">
    <skipped/>
  </testcase> <!-- logIn -->
  <testcase classname="com.testng.Demo" name="logIn" time="0.001">
    <skipped/>
  </testcase> <!-- logIn -->
  <testcase classname="com.testng.Demo" name="logIn" time="0.002">
    <skipped/>
  </testcase> <!-- logIn -->
  <testcase classname="com.testng.Demo" name="logIn" time="0.001">
    <skipped/>
  </testcase> <!-- logIn -->
  <testcase classname="com.testng.Demo" name="logIn" time="0.001">
    <failure type="java.lang.AssertionError" message="expected [Akash] but found [Arun]">
      <![CDATA[java.lang.AssertionError: expected [Akash] but found [Arun]
at com.testng.Demo.logIn(Demo.java:11)
at java.base/java.util.ArrayList.forEach(ArrayList.java:1511)
... Removed 33 stack frames]]>
    </failure>
  </testcase> <!-- logIn -->
  <testcase classname="com.testng.Demo" name="logOut" time="0.001">
    <skipped/>
  </testcase> <!-- logOut -->
  <testcase classname="com.testng.Demo" name="logOut" time="0.004">
    <skipped/>
  </testcase> <!-- logOut -->
  <testcase classname="com.testng.Demo" name="logOut" time="0.002">
    <skipped/>
  </testcase> <!-- logOut -->
  <testcase classname="com.testng.Demo" name="logOut" time="0.002">
    <skipped/>
  </testcase> <!-- logOut -->
  <testcase classname="com.testng.Demo" name="logOut" time="0.001">
    <skipped/>
  </testcase> <!-- logOut -->
  <testcase classname="com.testng.Demo" name="logOut" time="0.003">
    <skipped/>
  </testcase> <!-- logOut -->
  <testcase classname="com.testng.Demo" name="logOut" time="0.002">
    <skipped/>
  </testcase> <!-- logOut -->
  <testcase classname="com.testng.Demo" name="logOut" time="0.002">
    <skipped/>
  </testcase> <!-- logOut -->
  <testcase classname="com.testng.Demo" name="logOut" time="0.003">
    <skipped/>
  </testcase> <!-- logOut -->
  <testcase classname="com.testng.Demo" name="logOut" time="0.003">
    <skipped/>
  </testcase> <!-- logOut -->
  <testcase classname="com.testng.Demo" name="logOut" time="0.002">
    <failure type="java.lang.AssertionError" message="expected [Bala] but found [Balaji]">
      <![CDATA[java.lang.AssertionError: expected [Bala] but found [Balaji]
at com.testng.Demo.logOut(Demo.java:18)
at java.base/java.util.ArrayList.forEach(ArrayList.java:1511)
... Removed 33 stack frames]]>
    </failure>
  </testcase> <!-- logOut -->
</testsuite> <!-- Test -->
